2015-04-10 01:33:04 =ERROR REPORT====
** Generic server boss_db_mock terminating 
** Last message in was {find,greeting,[{greeting_text,gtt,"^Hellespont"}],all,0,id,ascending}
** When Server state == [{{dict,1,16,16,8,80,48,{[],[],[],[],[],[],[],[],[],[],[],[],[],[],[],[]},{{[],[],[],[],[],[],[],[],[],[],[],[],[],[],[["greeting-1"|{greeting,"greeting-1","Hello, World!"}]],[]}}},2}]
** Reason for termination == 
** {function_clause,[{boss_db_mock_controller,match_cond,[{greeting,"greeting-1","Hello, World!"},[{greeting_text,gtt,"^Hellespont"}]],[{file,"src/boss_db_mock_controller.erl"},{line,121}]},{dict,filter_bucket,4,[{file,"dict.erl"},{line,475}]},{dict,filter_bkt_list,4,[{file,"dict.erl"},{line,469}]},{dict,filter_seg_list,4,[{file,"dict.erl"},{line,463}]},{dict,filter_dict,2,[{file,"dict.erl"},{line,458}]},{boss_db_mock_controller,do_find,7,[{file,"src/boss_db_mock_controller.erl"},{line,112}]},{boss_db_mock_controller,handle_call,3,[{file,"src/boss_db_mock_controller.erl"},{line,24}]},{gen_server,try_handle_call,4,[{file,"gen_server.erl"},{line,607}]}]}
2015-04-10 01:33:05 =CRASH REPORT====
  crasher:
    initial call: boss_db_mock_controller:init/1
    pid: <0.97.0>
    registered_name: []
    exception exit: {{function_clause,[{boss_db_mock_controller,match_cond,[{greeting,"greeting-1","Hello, World!"},[{greeting_text,gtt,"^Hellespont"}]],[{file,"src/boss_db_mock_controller.erl"},{line,121}]},{dict,filter_bucket,4,[{file,"dict.erl"},{line,475}]},{dict,filter_bkt_list,4,[{file,"dict.erl"},{line,469}]},{dict,filter_seg_list,4,[{file,"dict.erl"},{line,463}]},{dict,filter_dict,2,[{file,"dict.erl"},{line,458}]},{boss_db_mock_controller,do_find,7,[{file,"src/boss_db_mock_controller.erl"},{line,112}]},{boss_db_mock_controller,handle_call,3,[{file,"src/boss_db_mock_controller.erl"},{line,24}]},{gen_server,try_handle_call,4,[{file,"gen_server.erl"},{line,607}]}]},[{gen_server,terminate,7,[{file,"gen_server.erl"},{line,804}]},{proc_lib,init_p_do_apply,3,[{file,"proc_lib.erl"},{line,237}]}]}
    ancestors: [<0.96.0>,boss_web,boss_sup,<0.93.0>]
    messages: []
    links: [<0.96.0>]
    dictionary: []
    trap_exit: false
    status: running
    heap_size: 1598
    stack_size: 27
    reductions: 4447
  neighbours:
2015-04-10 01:33:05 =SUPERVISOR REPORT====
     Supervisor: {global,boss_db_mock_sup}
     Context:    child_terminated
     Reason:     {function_clause,[{boss_db_mock_controller,match_cond,[{greeting,"greeting-1","Hello, World!"},[{greeting_text,gtt,"^Hellespont"}]],[{file,"src/boss_db_mock_controller.erl"},{line,121}]},{dict,filter_bucket,4,[{file,"dict.erl"},{line,475}]},{dict,filter_bkt_list,4,[{file,"dict.erl"},{line,469}]},{dict,filter_seg_list,4,[{file,"dict.erl"},{line,463}]},{dict,filter_dict,2,[{file,"dict.erl"},{line,458}]},{boss_db_mock_controller,do_find,7,[{file,"src/boss_db_mock_controller.erl"},{line,112}]},{boss_db_mock_controller,handle_call,3,[{file,"src/boss_db_mock_controller.erl"},{line,24}]},{gen_server,try_handle_call,4,[{file,"gen_server.erl"},{line,607}]}]}
     Offender:   [{pid,<0.97.0>},{name,db_mock_controller},{mfargs,{boss_db_mock_controller,start_link,[[]]}},{restart_type,permanent},{shutdown,2000},{child_type,worker}]

2015-04-10 01:33:05 =ERROR REPORT====
** Generic server <0.103.0> terminating 
** Last message in was {find,greeting,[{greeting_text,gtt,"^Hellespont"}],all,0,id,ascending,[]}
** When Server state == {state,connected,1,undefined,[{name,{local,boss_db_pool}},{worker_module,boss_db_controller},{size,5},{max_overflow,10},{adapter,mock},{cache_enable,false},{cache_prefix,db},{shards,[]},{is_master_node,true},{db_host,"localhost"},{db_port,1978}],boss_db_adapter_mock,undefined,undefined,[],{dict,0,16,16,8,80,48,{[],[],[],[],[],[],[],[],[],[],[],[],[],[],[],[]},{{[],[],[],[],[],[],[],[],[],[],[],[],[],[],[],[]}}},false,60,db,0}
** Reason for termination == 
** {{{function_clause,[{boss_db_mock_controller,match_cond,[{greeting,"greeting-1","Hello, World!"},[{greeting_text,gtt,"^Hellespont"}]],[{file,"src/boss_db_mock_controller.erl"},{line,121}]},{dict,filter_bucket,4,[{file,"dict.erl"},{line,475}]},{dict,filter_bkt_list,4,[{file,"dict.erl"},{line,469}]},{dict,filter_seg_list,4,[{file,"dict.erl"},{line,463}]},{dict,filter_dict,2,[{file,"dict.erl"},{line,458}]},{boss_db_mock_controller,do_find,7,[{file,"src/boss_db_mock_controller.erl"},{line,112}]},{boss_db_mock_controller,handle_call,3,[{file,"src/boss_db_mock_controller.erl"},{line,24}]},{gen_server,try_handle_call,4,[{file,"gen_server.erl"},{line,607}]}]},{gen_server,call,[{global,boss_db_mock},{find,greeting,[{greeting_text,gtt,"^Hellespont"}],all,0,id,ascending}]}},[{gen_server,call,2,[{file,"gen_server.erl"},{line,182}]},{boss_db_controller,handle_call,3,[{file,"src/boss_db_controller.erl"},{line,122}]},{gen_server,try_handle_call,4,[{file,"gen_server.erl"},{line,607}]},{gen_server,handle_msg,5,[{file,"gen_server.erl"},{line,639}]},{proc_lib,init_p_do_apply,3,[{file,"proc_lib.erl"},{line,237}]}]}
2015-04-10 01:33:05 =CRASH REPORT====
  crasher:
    initial call: boss_db_controller:init/1
    pid: <0.103.0>
    registered_name: []
    exception exit: {{{function_clause,[{boss_db_mock_controller,match_cond,[{greeting,"greeting-1","Hello, World!"},[{greeting_text,gtt,"^Hellespont"}]],[{file,"src/boss_db_mock_controller.erl"},{line,121}]},{dict,filter_bucket,4,[{file,"dict.erl"},{line,475}]},{dict,filter_bkt_list,4,[{file,"dict.erl"},{line,469}]},{dict,filter_seg_list,4,[{file,"dict.erl"},{line,463}]},{dict,filter_dict,2,[{file,"dict.erl"},{line,458}]},{boss_db_mock_controller,do_find,7,[{file,"src/boss_db_mock_controller.erl"},{line,112}]},{boss_db_mock_controller,handle_call,3,[{file,"src/boss_db_mock_controller.erl"},{line,24}]},{gen_server,try_handle_call,4,[{file,"gen_server.erl"},{line,607}]}]},{gen_server,call,[{global,boss_db_mock},{find,greeting,[{greeting_text,gtt,"^Hellespont"}],all,0,id,ascending}]}},[{gen_server,terminate,7,[{file,"gen_server.erl"},{line,804}]},{proc_lib,init_p_do_apply,3,[{file,"proc_lib.erl"},{line,237}]}]}
    ancestors: [<0.100.0>,boss_db_pool,boss_db_sup,boss_web,boss_sup,<0.93.0>]
    messages: []
    links: [<0.100.0>,<0.99.0>]
    dictionary: []
    trap_exit: true
    status: running
    heap_size: 1598
    stack_size: 27
    reductions: 3798
  neighbours:
2015-04-10 01:33:05 =SUPERVISOR REPORT====
     Supervisor: {<0.100.0>,poolboy_sup}
     Context:    child_terminated
     Reason:     {{function_clause,[{boss_db_mock_controller,match_cond,[{greeting,"greeting-1","Hello, World!"},[{greeting_text,gtt,"^Hellespont"}]],[{file,"src/boss_db_mock_controller.erl"},{line,121}]},{dict,filter_bucket,4,[{file,"dict.erl"},{line,475}]},{dict,filter_bkt_list,4,[{file,"dict.erl"},{line,469}]},{dict,filter_seg_list,4,[{file,"dict.erl"},{line,463}]},{dict,filter_dict,2,[{file,"dict.erl"},{line,458}]},{boss_db_mock_controller,do_find,7,[{file,"src/boss_db_mock_controller.erl"},{line,112}]},{boss_db_mock_controller,handle_call,3,[{file,"src/boss_db_mock_controller.erl"},{line,24}]},{gen_server,try_handle_call,4,[{file,"gen_server.erl"},{line,607}]}]},{gen_server,call,[{global,boss_db_mock},{find,greeting,[{greeting_text,gtt,"^Hellespont"}],all,0,id,ascending}]}}
     Offender:   [{pid,<0.103.0>},{name,boss_db_controller},{mfargs,{boss_db_controller,start_link,undefined}},{restart_type,temporary},{shutdown,5000},{child_type,worker}]

2015-04-10 02:48:20 =ERROR REPORT====
POST /greeting/goodbye [cb_tutorial] 404 0ms